<?xml version="1.0" encoding="UTF-8"?>
<testsuite name="restassured.RegistrationTests" tests="1" skipped="0" failures="0" errors="0" timestamp="2022-08-22T15:22:44" hostname="DESKTOP-KF54E9L" time="8.632">
  <properties/>
  <testcase name="registrationPos" classname="restassured.RegistrationTests" time="8.632"/>
  <system-out><![CDATA[Registration Successfully
]]></system-out>
  <system-err><![CDATA[]]></system-err>
</testsuite>
