<?xml version="1.0" encoding="UTF-8"?>
<testsuite name="okhttp.LoginTests" tests="1" skipped="0" failures="0" errors="0" timestamp="2022-08-21T12:13:14" hostname="ARTEMKA" time="0.875">
  <properties/>
  <testcase name="loginUnauthorised" classname="okhttp.LoginTests" time="0.875"/>
  <system-out><![CDATA[15:13:15.213 [Test worker] INFO okhttp.LoginTests - Status of Error = 401
15:13:15.213 [Test worker] INFO okhttp.LoginTests - Type of Error = Unauthorized
15:13:15.213 [Test worker] INFO okhttp.LoginTests - What went wrong ->>Login or Password incorrect
null
]]></system-out>
  <system-err><![CDATA[]]></system-err>
</testsuite>
